<?xml version="1.0" encoding="UTF-8"?>
<!-- Generated by org.testng.reporters.JUnitXMLReporter -->
<testsuite hostname="LAPTOP-MK0CRF5H" ignored="0" name="Command line test" tests="2" failures="0" timestamp="10 Dec 2023 10:51:41 GMT" time="9.385" errors="0">
  <testcase name="runScenario" time="6.009" classname="cucumber.api.testng.AbstractTestNGCucumberTests"/>
  <testcase name="runScenario" time="3.17" classname="cucumber.api.testng.AbstractTestNGCucumberTests"/>
</testsuite> <!-- Command line test -->
