<?xml version="1.0" encoding="UTF-8"?>
<testng-results skipped="0" failed="0" ignored="0" total="2" passed="2">
  <reporter-output>
  </reporter-output>
  <suite name="Runner.TestRunner" duration-ms="9385" started-at="2023-12-10T10:51:31Z" finished-at="2023-12-10T10:51:41Z">
    <groups>
      <group name="cucumber">
        <method signature="AbstractTestNGCucumberTests.runScenario(cucumber.api.testng.PickleEventWrapper, cucumber.api.testng.CucumberFeatureWrapper)[pri:0, instance:Runner.TestRunner@1753acfe]" name="runScenario" class="cucumber.api.testng.AbstractTestNGCucumberTests"/>
      </group> <!-- cucumber -->
    </groups>
    <test name="Command line test" duration-ms="9385" started-at="2023-12-10T10:51:31Z" finished-at="2023-12-10T10:51:41Z">
      <class name="Runner.TestRunner">
        <test-method status="PASS" signature="setUpClass()[pri:0, instance:Runner.TestRunner@1753acfe]" name="setUpClass" is-config="true" duration-ms="111" started-at="2023-12-10T10:51:32Z" finished-at="2023-12-10T10:51:32Z">
          <reporter-output>
          </reporter-output>
        </test-method> <!-- setUpClass -->
        <test-method status="PASS" signature="runScenario(cucumber.api.testng.PickleEventWrapper, cucumber.api.testng.CucumberFeatureWrapper)[pri:0, instance:Runner.TestRunner@1753acfe]" name="runScenario" duration-ms="6009" started-at="2023-12-10T10:51:32Z" description="Runs Cucumber Scenarios" data-provider="scenarios" finished-at="2023-12-10T10:51:38Z">
          <params>
            <param index="0">
              <value>
                <![CDATA["Get latest covid cases for given date"]]>
              </value>
            </param>
            <param index="1">
              <value>
                <![CDATA[""]]>
              </value>
            </param>
          </params>
          <reporter-output>
          </reporter-output>
        </test-method> <!-- runScenario -->
        <test-method status="PASS" signature="runScenario(cucumber.api.testng.PickleEventWrapper, cucumber.api.testng.CucumberFeatureWrapper)[pri:0, instance:Runner.TestRunner@1753acfe]" name="runScenario" duration-ms="3170" started-at="2023-12-10T10:51:38Z" description="Runs Cucumber Scenarios" data-provider="scenarios" finished-at="2023-12-10T10:51:41Z">
          <params>
            <param index="0">
              <value>
                <![CDATA["Get latest covid cases for given date"]]>
              </value>
            </param>
            <param index="1">
              <value>
                <![CDATA[""]]>
              </value>
            </param>
          </params>
          <reporter-output>
          </reporter-output>
        </test-method> <!-- runScenario -->
        <test-method status="PASS" signature="tearDownClass()[pri:0, instance:Runner.TestRunner@1753acfe]" name="tearDownClass" is-config="true" duration-ms="48" started-at="2023-12-10T10:51:41Z" finished-at="2023-12-10T10:51:41Z">
          <reporter-output>
          </reporter-output>
        </test-method> <!-- tearDownClass -->
      </class> <!-- Runner.TestRunner -->
    </test> <!-- Command line test -->
  </suite> <!-- Runner.TestRunner -->
</testng-results>
